\BOOKMARK [0][-]{chapter*.1}{\376\377\000L\036\335\000i\000\040\000c\036\243\000m\000\040\001\241\000n}{}% 1
\BOOKMARK [0][-]{chapter*.2}{\376\377\000D\000a\000n\000h\000\040\000m\036\345\000c\000\040\000c\000\341\000c\000\040\000k\000\375\000\040\000h\000i\036\307\000u\000\040\000v\000\340\000\040\000c\000h\036\357\000\040\000v\000i\036\277\000t\000\040\000t\036\257\000t}{}% 2
\BOOKMARK [0][-]{chapter*.4}{\376\377\000D\000a\000n\000h\000\040\000s\000\341\000c\000h\000\040\000h\000\354\000n\000h\000\040\000v\036\275}{}% 3
\BOOKMARK [0][-]{chapter*.5}{\376\377\000D\000a\000n\000h\000\040\000m\036\345\000c\000\040\000c\000\341\000c\000\040\000c\036\345\000m\000\040\000t\036\353\000\040\000d\036\313\000c\000h\000\040\000s\000a\000n\000g\000\040\000t\000i\036\277\000n\000g\000\040\000A\000n\000h}{}% 4
\BOOKMARK [0][-]{chapter.1}{\376\377\000G\000i\036\333\000i\000\040\000t\000h\000i\036\307\000u\000\040\000v\036\301\000\040\000c\000\364\000n\000g\000\040\000n\000g\000h\036\307\000\040\000B\000l\000o\000c\000k\000c\000h\000a\000i\000n}{}% 5
\BOOKMARK [1][-]{section.1.1}{\376\377\000H\000\340\000m\000\040\000b\001\003\000m}{chapter.1}% 6
\BOOKMARK [2][-]{subsection.1.1.1}{\376\377\000T\036\325\000n\000g\000\040\000q\000u\000a\000n\000\040\000v\036\301\000\040\000h\000\340\000m\000\040\000b\001\003\000m}{section.1.1}% 7
\BOOKMARK [2][-]{subsection.1.1.2}{\376\377\000H\000\340\000m\000\040\000b\001\003\000m\000\040\000S\000H\000A\000-\0002\0005\0006}{section.1.1}% 8
\BOOKMARK [2][-]{subsection.1.1.3}{\376\377\000C\000\341\000c\000h\000\040\000t\000h\036\351\000c\000\040\000h\000o\036\241\000t\000\040\001\021\036\331\000n\000g\000\040\000S\000H\000A\000-\0002\0005\0006}{section.1.1}% 9
\BOOKMARK [1][-]{section.1.2}{\376\377\000M\036\255\000t\000\040\000m\000\343\000\040\001\021\001\260\036\335\000n\000g\000\040\000c\000o\000n\000g\000\040\000e\000l\000l\000i\000p\000t\000i\000c}{chapter.1}% 10
\BOOKMARK [2][-]{subsection.1.2.1}{\376\377\000K\000h\000\341\000i\000\040\000n\000i\036\307\000m\000\040\000h\036\307\000\040\000m\036\255\000t\000\040\000m\000\343\000\040\000v\000\340\000\040\000c\000\341\000c\000\040\000l\000o\036\241\000i\000\040\000h\036\307\000\040\000m\036\255\000t\000\040\000m\000\343}{section.1.2}% 11
\BOOKMARK [2][-]{subsection.1.2.2}{\376\377\000T\000r\000a\000o\000\040\001\021\036\325\000i\000\040\000k\000h\000\363\000a\000\040\000D\000i\000f\000f\000i\000e\000-\000H\000e\000l\000l\000m\000a\000n}{section.1.2}% 12
\BOOKMARK [2][-]{subsection.1.2.3}{\376\377\000M\036\255\000t\000\040\000m\000\343\000\040\001\021\001\260\036\335\000n\000g\000\040\000c\000o\000n\000g\000\040\000e\000l\000l\000i\000p\000t\000i\000c}{section.1.2}% 13
\BOOKMARK [2][-]{subsection.1.2.4}{\376\377\000M\036\255\000t\000\040\000m\000\343\000\040\001\021\001\260\036\335\000n\000g\000\040\000c\000o\000n\000g\000\040\000e\000l\000l\000i\000p\000t\000i\000c\000\040\000t\000r\000o\000n\000g\000\040\000c\000h\036\357\000\040\000k\000\375\000\040\000s\036\321}{section.1.2}% 14
\BOOKMARK [1][-]{section.1.3}{\376\377\000C\000\342\000y\000\040\000M\000e\000r\000k\000l\000e}{chapter.1}% 15
\BOOKMARK [2][-]{subsection.1.3.1}{\376\377\000K\000h\000\341\000i\000\040\000n\000i\036\307\000m\000\040\000c\000\342\000y\000\040\000M\000e\000r\000k\000l\000e}{section.1.3}% 16
\BOOKMARK [2][-]{subsection.1.3.2}{\376\377\000M\000e\000r\000k\000l\000e\000\040\000R\000o\000o\000t}{section.1.3}% 17
\BOOKMARK [2][-]{subsection.1.3.3}{\376\377\000X\000\341\000c\000\040\000m\000i\000n\000h\000\040\000t\000r\000o\000n\000g\000\040\000c\000\342\000y\000\040\000M\000e\000r\000k\000l\000e\000\040}{section.1.3}% 18
\BOOKMARK [1][-]{section.1.4}{\376\377\000B\000l\000o\000c\000k\000c\000h\000a\000i\000n}{chapter.1}% 19
\BOOKMARK [2][-]{subsection.1.4.1}{\376\377\000K\000h\000\341\000i\000\040\000n\000i\036\307\000m\000\040\000B\000l\000o\000c\000k\000c\000h\000a\000i\000n}{section.1.4}% 20
\BOOKMARK [2][-]{subsection.1.4.2}{\376\377\000H\036\307\000\040\000t\000h\036\321\000n\000g\000\040\000p\000h\000i\000\040\000t\036\255\000p\000\040\000t\000r\000u\000n\000g}{section.1.4}% 21
\BOOKMARK [2][-]{subsection.1.4.3}{\376\377\000C\036\245\000u\000\040\000t\036\241\000o\000\040\000c\036\347\000a\000\040\000B\000l\000o\000c\000k\000c\000h\000a\000i\000n}{section.1.4}% 22
\BOOKMARK [2][-]{subsection.1.4.4}{\376\377\000C\000\341\000c\000\040\000k\036\371\000\040\000t\000h\000u\036\255\000t\000\040\000t\000r\000o\000n\000g\000\040\000B\000l\000o\000c\000k\000c\000h\000a\000i\000n}{section.1.4}% 23
\BOOKMARK [2][-]{subsection.1.4.5}{\376\377\000C\000\341\000c\000h\000\040\000t\000h\036\351\000c\000\040\000h\000o\036\241\000t\000\040\001\021\036\331\000n\000g\000\040\000c\036\347\000a\000\040\000B\000l\000o\000c\000k\000c\000h\000a\000i\000n}{section.1.4}% 24
\BOOKMARK [2][-]{subsection.1.4.6}{\376\377\000C\000\341\000c\000\040\036\351\000n\000g\000\040\000d\036\345\000n\000g\000\040\001\021\000i\036\303\000n\000\040\000h\000\354\000n\000h\000\040\000c\036\347\000a\000\040\000B\000l\000o\000c\000k\000c\000h\000a\000i\000n}{section.1.4}% 25
\BOOKMARK [0][-]{chapter.2}{\376\377\000\040\000N\036\301\000n\000\040\000t\036\243\000n\000g\000\040\000H\000y\000p\000e\000r\000l\000e\000d\000g\000e\000r\000\040\000F\000a\000b\000r\000i\000c}{}% 26
\BOOKMARK [1][-]{section.2.1}{\376\377\000G\000i\036\333\000i\000\040\000t\000h\000i\036\307\000u\000\040\000H\000y\000p\000e\000r\000l\000e\000d\000g\000e\000r\000\040\000F\000a\000b\000r\000i\000c\000\040}{chapter.2}% 27
\BOOKMARK [2][-]{subsection.2.1.1}{\376\377\000M\000\364\000\040\000h\000\354\000n\000h\000\040\000m\000\364\000-\001\021\000u\000n}{section.2.1}% 28
\BOOKMARK [2][-]{subsection.2.1.2}{\376\377\000Q\000u\036\243\000n\000\040\000l\000\375\000\040\000d\000a\000n\000h\000\040\000t\000\355\000n\000h\000\040\000v\000\340\000\040\000q\000u\000y\036\301\000n\000\040\000t\000r\000u\000y\000\040\000c\036\255\000p}{section.2.1}% 29
\BOOKMARK [2][-]{subsection.2.1.3}{\376\377\001\020\036\331\000c\000\040\000l\036\255\000p\000\040\000v\036\333\000i\000\040\000t\000i\036\301\000n\000\040\000t\000i\036\307\000n\000\040\000t\036\355}{section.2.1}% 30
\BOOKMARK [2][-]{subsection.2.1.4}{\376\377\000C\001\241\000\040\000c\000h\036\277\000\040\001\021\036\323\000n\000g\000\040\000t\000h\000u\036\255\000n\000\040\000k\036\277\000t\000\040\000h\036\343\000p}{section.2.1}% 31
\BOOKMARK [1][-]{section.2.2}{\376\377\000M\000\364\000\040\000h\000\354\000n\000h\000\040\000H\000y\000p\000e\000r\000l\000e\000d\000g\000e\000r\000\040\000F\000a\000b\000r\000i\000c}{chapter.2}% 32
\BOOKMARK [2][-]{subsection.2.2.1}{\376\377\000T\000h\000\340\000n\000h\000\040\000p\000h\036\247\000n\000\040\000h\036\307\000\040\000t\000h\036\321\000n\000g}{section.2.2}% 33
\BOOKMARK [2][-]{subsection.2.2.2}{\376\377\000C\001\241\000\040\000c\000h\036\277\000\040\001\021\036\323\000n\000g\000\040\000t\000h\000u\036\255\000n}{section.2.2}% 34
\BOOKMARK [2][-]{subsection.2.2.3}{\376\377\000C\036\245\000u\000\040\000t\000r\000\372\000c\000\040\000m\036\241\000n\000g\000\040\000F\000a\000b\000r\000i\000c}{section.2.2}% 35
\BOOKMARK [2][-]{subsection.2.2.4}{\376\377\000L\000u\036\323\000n\000g\000\040\000g\000i\000a\000o\000\040\000d\036\313\000c\000h}{section.2.2}% 36
\BOOKMARK [0][-]{chapter.3}{\376\377\000\040\000T\000r\000u\000y\000\040\000x\000u\036\245\000t\000\040\000n\000g\000u\036\323\000n\000\040\000g\036\321\000c\000\040\000t\000h\036\361\000c\000\040\000p\000h\036\251\000m\000\040\000d\036\361\000a\000\040\000t\000r\000\352\000n\000\040\000c\000\364\000n\000g\000\040\000n\000g\000h\036\307\000\040\000B\000l\000o\000c\000k\000c\000h\000a\000i\000n}{}% 37
\BOOKMARK [1][-]{section.3.1}{\376\377\000T\000r\000u\000y\000\040\000x\000u\036\245\000t\000\040\000n\000g\000u\036\323\000n\000\040\000g\036\321\000c\000\040\000t\000h\036\361\000c\000\040\000p\000h\036\251\000m}{chapter.3}% 38
\BOOKMARK [2][-]{subsection.3.1.1}{\376\377\000K\000h\000\341\000i\000\040\000n\000i\036\307\000m\000\040\000t\000r\000u\000y\000\040\000x\000u\036\245\000t\000\040\000n\000g\000u\036\323\000n\000\040\000g\036\321\000c\000\040\000t\000h\036\361\000c\000\040\000p\000h\036\251\000m}{section.3.1}% 39
\BOOKMARK [2][-]{subsection.3.1.2}{\376\377\000C\000\341\000c\000\040\000m\000\364\000\040\000h\000\354\000n\000h\000\040\000t\000r\000u\000y\000\040\000x\000u\036\245\000t\000\040\000n\000g\000u\036\323\000n\000\040\000g\036\321\000c\000\040\000h\000i\036\307\000n\000\040\000n\000a\000y}{section.3.1}% 40
\BOOKMARK [1][-]{section.3.2}{\376\377\000T\000r\000u\000y\000\040\000x\000u\036\245\000t\000\040\000n\000g\000u\036\323\000n\000\040\000g\036\321\000c\000\040\000t\000h\036\361\000c\000\040\000p\000h\036\251\000m\000\040\000b\036\261\000n\000g\000\040\000c\000\364\000n\000g\000\040\000n\000g\000h\036\307\000\040\000B\000l\000o\000c\000k\000c\000h\000a\000i\000n}{chapter.3}% 41
\BOOKMARK [2][-]{subsection.3.2.1}{\376\377\001\257\000u\000\040\001\021\000i\036\303\000m\000\040\000m\000\364\000\040\000h\000\354\000n\000h\000\040\000t\000r\000u\000y\000\040\000x\000u\036\245\000t\000\040\000n\000g\000u\036\323\000n\000\040\000g\036\321\000c\000\040\000t\000h\036\361\000c\000\040\000p\000h\036\251\000m\000\040\000d\036\361\000a\000\040\000t\000r\000\352\000n\000\040\000b\000l\000o\000c\000k\000c\000h\000a\000i\000n}{section.3.2}% 42
\BOOKMARK [2][-]{subsection.3.2.2}{\376\377\000C\000\341\000c\000h\000\040\000t\000i\036\277\000p\000\040\000c\036\255\000n\000\040\000v\000\340\000\040\000g\000i\036\243\000i\000\040\000p\000h\000\341\000p}{section.3.2}% 43
\BOOKMARK [1][-]{section.3.3}{\376\377\000M\000\364\000\040\000h\000\354\000n\000h\000\040\000h\036\307\000\040\000t\000h\036\321\000n\000g}{chapter.3}% 44
\BOOKMARK [2][-]{subsection.3.3.1}{\376\377\000C\000\341\000c\000\040\000t\000h\000\340\000n\000h\000\040\000p\000h\036\247\000n\000\040\000t\000h\000a\000m\000\040\000g\000i\000a}{section.3.3}% 45
\BOOKMARK [2][-]{subsection.3.3.2}{\376\377\000P\000h\000\342\000n\000\040\000t\000\355\000c\000h\000\040\000v\000\340\000\040\000t\000h\000i\036\277\000t\000\040\000k\036\277\000\040\000h\036\307\000\040\000t\000h\036\321\000n\000g}{section.3.3}% 46
\BOOKMARK [2][-]{subsection.3.3.3}{\376\377\000C\000\341\000c\000\040\000b\001\260\036\333\000c\000\040\000t\000h\036\361\000c\000\040\000h\000i\036\307\000n}{section.3.3}% 47
\BOOKMARK [1][-]{section.3.4}{\376\377\000C\000\364\000n\000g\000\040\000n\000g\000h\036\307\000\040\000s\036\355\000\040\000d\036\345\000n\000g}{chapter.3}% 48
\BOOKMARK [1][-]{section.3.5}{\376\377\000T\000h\036\361\000c\000\040\000n\000g\000h\000i\036\307\000m}{chapter.3}% 49
\BOOKMARK [1][-]{section.3.6}{\376\377\000K\036\277\000t\000\040\000l\000u\036\255\000n\000\040\000v\000\340\000\040\000h\001\260\036\333\000n\000g\000\040\000p\000h\000\341\000t\000\040\000t\000r\000i\036\303\000n}{chapter.3}% 50
\BOOKMARK [0][-]{chapter*.24}{\376\377\000T\000\340\000i\000\040\000l\000i\036\307\000u\000\040\000t\000h\000a\000m\000\040\000k\000h\036\243\000o}{}% 51
